# JRE version: OpenJDK Runtime Environment Homebrew (21.0.1) (build 21.0.1)
# Java VM: OpenJDK 64-Bit Server VM Homebrew (21.0.1, mixed mode, emulated-client, sharing, tiered, compressed oops, compressed class ptrs, g1 gc, bsd-aarch64)
GC Precious Log:
 CardTable entry size: 512
 Card Set container configuration: InlinePtr #cards 5 size 8 Array Of Cards #cards 12 size 40 Howl #buckets 4 coarsen threshold 1843 Howl Bitmap #cards 512 size 80 coarsen threshold 460 Card regions per heap region 1 cards per card region 2048
 CPUs: 8 total, 8 available
 Memory: 8192M
 Large Page Support: Disabled
 NUMA Support: Disabled
 Compressed Oops: Enabled (Zero based)
 Heap Region Size: 1M
 Heap Min Capacity: 8M
 Heap Initial Capacity: 128M
 Heap Max Capacity: 2G
 Pre-touch: Disabled
 Parallel Workers: 8
 Concurrent Workers: 2
 Concurrent Refinement Workers: 8
 Periodic GC: Disabled
Heap:
 garbage-first heap   total 96256K, used 80238K [0x0000000780000000, 0x0000000800000000)
  region size 1024K, 45 young (46080K), 2 survivors (2048K)
 Metaspace       used 77536K, committed 78336K, reserved 1179648K
  class space    used 10776K, committed 11136K, reserved 1048576K
GC Heap History (20 events):
Event: 609.619 GC heap after
{Heap after GC invocations=31 (full 4):
 garbage-first heap   total 96256K, used 30947K [0x0000000780000000, 0x0000000800000000)
  region size 1024K, 0 young (0K), 0 survivors (0K)
 Metaspace       used 76247K, committed 76992K, reserved 1179648K
  class space    used 10580K, committed 10944K, reserved 1048576K
}
Event: 682.380 GC heap before
{Heap before GC invocations=31 (full 4):
 garbage-first heap   total 96256K, used 80099K [0x0000000780000000, 0x0000000800000000)
  region size 1024K, 49 young (50176K), 0 survivors (0K)
 Metaspace       used 76629K, committed 77312K, reserved 1179648K
  class space    used 10648K, committed 10944K, reserved 1048576K
}
Event: 682.396 GC heap after
{Heap after GC invocations=32 (full 4):
 garbage-first heap   total 96256K, used 34445K [0x0000000780000000, 0x0000000800000000)
  region size 1024K, 4 young (4096K), 4 survivors (4096K)
 Metaspace       used 76629K, committed 77312K, reserved 1179648K
  class space    used 10648K, committed 10944K, reserved 1048576K
}
Event: 1033.814 GC heap before
{Heap before GC invocations=32 (full 4):
 garbage-first heap   total 96256K, used 81549K [0x0000000780000000, 0x0000000800000000)
  region size 1024K, 50 young (51200K), 4 survivors (4096K)
 Metaspace       used 76725K, committed 77376K, reserved 1179648K
  class space    used 10669K, committed 10944K, reserved 1048576K
}
Event: 1033.817 GC heap after
{Heap after GC invocations=33 (full 4):
 garbage-first heap   total 96256K, used 34462K [0x0000000780000000, 0x0000000800000000)
  region size 1024K, 4 young (4096K), 4 survivors (4096K)
 Metaspace       used 76725K, committed 77376K, reserved 1179648K
  class space    used 10669K, committed 10944K, reserved 1048576K
}
Event: 1041.713 GC heap before
{Heap before GC invocations=33 (full 4):
 garbage-first heap   total 96256K, used 80542K [0x0000000780000000, 0x0000000800000000)
  region size 1024K, 50 young (51200K), 4 survivors (4096K)
 Metaspace       used 76826K, committed 77504K, reserved 1179648K
  class space    used 10685K, committed 11008K, reserved 1048576K
}
Event: 1041.719 GC heap after
{Heap after GC invocations=34 (full 4):
 garbage-first heap   total 96256K, used 34427K [0x0000000780000000, 0x0000000800000000)
  region size 1024K, 4 young (4096K), 4 survivors (4096K)
 Metaspace       used 76826K, committed 77504K, reserved 1179648K
  class space    used 10685K, committed 11008K, reserved 1048576K
}
Event: 1070.807 GC heap before
{Heap before GC invocations=34 (full 4):
 garbage-first heap   total 96256K, used 80507K [0x0000000780000000, 0x0000000800000000)
  region size 1024K, 50 young (51200K), 4 survivors (4096K)
 Metaspace       used 76949K, committed 77632K, reserved 1179648K
  class space    used 10704K, committed 11008K, reserved 1048576K
}
Event: 1070.810 GC heap after
{Heap after GC invocations=35 (full 4):
 garbage-first heap   total 96256K, used 34973K [0x0000000780000000, 0x0000000800000000)
  region size 1024K, 4 young (4096K), 4 survivors (4096K)
 Metaspace       used 76949K, committed 77632K, reserved 1179648K
  class space    used 10704K, committed 11008K, reserved 1048576K
}
Event: 1103.924 GC heap before
{Heap before GC invocations=35 (full 4):
 garbage-first heap   total 96256K, used 81053K [0x0000000780000000, 0x0000000800000000)
  region size 1024K, 50 young (51200K), 4 survivors (4096K)
 Metaspace       used 77041K, committed 77696K, reserved 1179648K
  class space    used 10718K, committed 11008K, reserved 1048576K
}
Event: 1103.927 GC heap after
{Heap after GC invocations=36 (full 4):
 garbage-first heap   total 96256K, used 34901K [0x0000000780000000, 0x0000000800000000)
  region size 1024K, 4 young (4096K), 4 survivors (4096K)
 Metaspace       used 77041K, committed 77696K, reserved 1179648K
  class space    used 10718K, committed 11008K, reserved 1048576K
}
Event: 1111.744 GC heap before
{Heap before GC invocations=36 (full 4):
 garbage-first heap   total 96256K, used 79957K [0x0000000780000000, 0x0000000800000000)
  region size 1024K, 49 young (50176K), 4 survivors (4096K)
 Metaspace       used 77139K, committed 77888K, reserved 1179648K
  class space    used 10734K, committed 11072K, reserved 1048576K
}
Event: 1111.746 GC heap after
{Heap after GC invocations=37 (full 4):
 garbage-first heap   total 96256K, used 34881K [0x0000000780000000, 0x0000000800000000)
  region size 1024K, 4 young (4096K), 4 survivors (4096K)
 Metaspace       used 77139K, committed 77888K, reserved 1179648K
  class space    used 10734K, committed 11072K, reserved 1048576K
}
Event: 1133.732 GC heap before
{Heap before GC invocations=37 (full 4):
 garbage-first heap   total 96256K, used 80961K [0x0000000780000000, 0x0000000800000000)
  region size 1024K, 49 young (50176K), 4 survivors (4096K)
 Metaspace       used 77231K, committed 77952K, reserved 1179648K
  class space    used 10748K, committed 11072K, reserved 1048576K
}
Event: 1133.735 GC heap after
{Heap after GC invocations=38 (full 4):
 garbage-first heap   total 96256K, used 34560K [0x0000000780000000, 0x0000000800000000)
  region size 1024K, 4 young (4096K), 4 survivors (4096K)
 Metaspace       used 77231K, committed 77952K, reserved 1179648K
  class space    used 10748K, committed 11072K, reserved 1048576K
}
Event: 1147.596 GC heap before
{Heap before GC invocations=38 (full 4):
 garbage-first heap   total 96256K, used 79616K [0x0000000780000000, 0x0000000800000000)
  region size 1024K, 49 young (50176K), 4 survivors (4096K)
 Metaspace       used 77411K, committed 78208K, reserved 1179648K
  class space    used 10767K, committed 11136K, reserved 1048576K
}
Event: 1147.599 GC heap after
{Heap after GC invocations=39 (full 4):
 garbage-first heap   total 96256K, used 34440K [0x0000000780000000, 0x0000000800000000)
  region size 1024K, 4 young (4096K), 4 survivors (4096K)
 Metaspace       used 77411K, committed 78208K, reserved 1179648K
  class space    used 10767K, committed 11136K, reserved 1048576K
}
Event: 1239.466 GC heap before
{Heap before GC invocations=39 (full 4):
 garbage-first heap   total 96256K, used 80520K [0x0000000780000000, 0x0000000800000000)
  region size 1024K, 49 young (50176K), 4 survivors (4096K)
 Metaspace       used 77467K, committed 78272K, reserved 1179648K
  class space    used 10775K, committed 11136K, reserved 1048576K
}
Event: 1239.483 GC heap after
{Heap after GC invocations=40 (full 4):
 garbage-first heap   total 96256K, used 36206K [0x0000000780000000, 0x0000000800000000)
  region size 1024K, 5 young (5120K), 5 survivors (5120K)
 Metaspace       used 77467K, committed 78272K, reserved 1179648K
  class space    used 10775K, committed 11136K, reserved 1048576K
}
Event: 1377.830 GC heap before
{Heap before GC invocations=40 (full 4):
 garbage-first heap   total 96256K, used 80238K [0x0000000780000000, 0x0000000800000000)
  region size 1024K, 48 young (49152K), 5 survivors (5120K)
 Metaspace       used 77536K, committed 78336K, reserved 1179648K
  class space    used 10776K, committed 11136K, reserved 1048576K
}

