# JRE version: OpenJDK Runtime Environment Homebrew (21.0.1) (build 21.0.1)
# Java VM: OpenJDK 64-Bit Server VM Homebrew (21.0.1, mixed mode, emulated-client, sharing, tiered, compressed oops, compressed class ptrs, g1 gc, bsd-aarch64)
GC Precious Log:
 CardTable entry size: 512
 Card Set container configuration: InlinePtr #cards 5 size 8 Array Of Cards #cards 12 size 40 Howl #buckets 4 coarsen threshold 1843 Howl Bitmap #cards 512 size 80 coarsen threshold 460 Card regions per heap region 1 cards per card region 2048
 CPUs: 8 total, 8 available
 Memory: 8192M
 Large Page Support: Disabled
 NUMA Support: Disabled
 Compressed Oops: Enabled (Zero based)
 Heap Region Size: 1M
 Heap Min Capacity: 8M
 Heap Initial Capacity: 128M
 Heap Max Capacity: 2G
 Pre-touch: Disabled
 Parallel Workers: 8
 Concurrent Workers: 2
 Concurrent Refinement Workers: 8
 Periodic GC: Disabled
Heap:
 garbage-first heap   total 55296K, used 34169K [0x0000000780000000, 0x0000000800000000)
  region size 1024K, 18 young (18432K), 3 survivors (3072K)
 Metaspace       used 39578K, committed 40256K, reserved 1114112K
  class space    used 5313K, committed 5632K, reserved 1048576K
GC Heap History (20 events):
Event: 21721.187 GC heap after
{Heap after GC invocations=87 (full 14):
 garbage-first heap   total 55296K, used 19159K [0x0000000780000000, 0x0000000800000000)
  region size 1024K, 3 young (3072K), 3 survivors (3072K)
 Metaspace       used 39527K, committed 40320K, reserved 1114112K
  class space    used 5303K, committed 5632K, reserved 1048576K
}
Event: 21807.017 GC heap before
{Heap before GC invocations=87 (full 14):
 garbage-first heap   total 55296K, used 24279K [0x0000000780000000, 0x0000000800000000)
  region size 1024K, 9 young (9216K), 3 survivors (3072K)
 Metaspace       used 39530K, committed 40320K, reserved 1114112K
  class space    used 5303K, committed 5632K, reserved 1048576K
}
Event: 21807.058 GC heap after
{Heap after GC invocations=88 (full 15):
 garbage-first heap   total 55296K, used 14969K [0x0000000780000000, 0x0000000800000000)
  region size 1024K, 0 young (0K), 0 survivors (0K)
 Metaspace       used 39443K, committed 40256K, reserved 1114112K
  class space    used 5285K, committed 5632K, reserved 1048576K
}
Event: 21807.224 GC heap before
{Heap before GC invocations=88 (full 15):
 garbage-first heap   total 55296K, used 45689K [0x0000000780000000, 0x0000000800000000)
  region size 1024K, 30 young (30720K), 0 survivors (0K)
 Metaspace       used 39603K, committed 40256K, reserved 1114112K
  class space    used 5327K, committed 5632K, reserved 1048576K
}
Event: 21807.226 GC heap after
{Heap after GC invocations=89 (full 15):
 garbage-first heap   total 55296K, used 19116K [0x0000000780000000, 0x0000000800000000)
  region size 1024K, 4 young (4096K), 4 survivors (4096K)
 Metaspace       used 39603K, committed 40256K, reserved 1114112K
  class space    used 5327K, committed 5632K, reserved 1048576K
}
Event: 21826.823 GC heap before
{Heap before GC invocations=89 (full 15):
 garbage-first heap   total 55296K, used 22188K [0x0000000780000000, 0x0000000800000000)
  region size 1024K, 8 young (8192K), 4 survivors (4096K)
 Metaspace       used 39655K, committed 40256K, reserved 1114112K
  class space    used 5336K, committed 5632K, reserved 1048576K
}
Event: 21826.853 GC heap after
{Heap after GC invocations=90 (full 16):
 garbage-first heap   total 55296K, used 16642K [0x0000000780000000, 0x0000000800000000)
  region size 1024K, 0 young (0K), 0 survivors (0K)
 Metaspace       used 39574K, committed 40256K, reserved 1114112K
  class space    used 5317K, committed 5632K, reserved 1048576K
}
Event: 21838.404 GC heap before
{Heap before GC invocations=90 (full 16):
 garbage-first heap   total 55296K, used 45314K [0x0000000780000000, 0x0000000800000000)
  region size 1024K, 28 young (28672K), 0 survivors (0K)
 Metaspace       used 39591K, committed 40256K, reserved 1114112K
  class space    used 5321K, committed 5632K, reserved 1048576K
}
Event: 21838.407 GC heap after
{Heap after GC invocations=91 (full 16):
 garbage-first heap   total 55296K, used 19408K [0x0000000780000000, 0x0000000800000000)
  region size 1024K, 3 young (3072K), 3 survivors (3072K)
 Metaspace       used 39591K, committed 40256K, reserved 1114112K
  class space    used 5321K, committed 5632K, reserved 1048576K
}
Event: 21849.636 GC heap before
{Heap before GC invocations=91 (full 16):
 garbage-first heap   total 55296K, used 20432K [0x0000000780000000, 0x0000000800000000)
  region size 1024K, 5 young (5120K), 3 survivors (3072K)
 Metaspace       used 39595K, committed 40256K, reserved 1114112K
  class space    used 5322K, committed 5632K, reserved 1048576K
}
Event: 21849.662 GC heap after
{Heap after GC invocations=92 (full 17):
 garbage-first heap   total 55296K, used 16756K [0x0000000780000000, 0x0000000800000000)
  region size 1024K, 0 young (0K), 0 survivors (0K)
 Metaspace       used 39593K, committed 40256K, reserved 1114112K
  class space    used 5322K, committed 5632K, reserved 1048576K
}
Event: 21851.255 GC heap before
{Heap before GC invocations=92 (full 17):
 garbage-first heap   total 55296K, used 44404K [0x0000000780000000, 0x0000000800000000)
  region size 1024K, 28 young (28672K), 0 survivors (0K)
 Metaspace       used 39613K, committed 40256K, reserved 1114112K
  class space    used 5327K, committed 5632K, reserved 1048576K
}
Event: 21851.285 GC heap after
{Heap after GC invocations=93 (full 18):
 garbage-first heap   total 55296K, used 16754K [0x0000000780000000, 0x0000000800000000)
  region size 1024K, 0 young (0K), 0 survivors (0K)
 Metaspace       used 39521K, committed 40256K, reserved 1114112K
  class space    used 5303K, committed 5632K, reserved 1048576K
}
Event: 21865.022 GC heap before
{Heap before GC invocations=93 (full 18):
 garbage-first heap   total 55296K, used 44402K [0x0000000780000000, 0x0000000800000000)
  region size 1024K, 28 young (28672K), 0 survivors (0K)
 Metaspace       used 39543K, committed 40256K, reserved 1114112K
  class space    used 5307K, committed 5632K, reserved 1048576K
}
Event: 21865.028 GC heap after
{Heap after GC invocations=94 (full 18):
 garbage-first heap   total 55296K, used 18931K [0x0000000780000000, 0x0000000800000000)
  region size 1024K, 3 young (3072K), 3 survivors (3072K)
 Metaspace       used 39543K, committed 40256K, reserved 1114112K
  class space    used 5307K, committed 5632K, reserved 1048576K
}
Event: 21865.030 GC heap before
{Heap before GC invocations=94 (full 18):
 garbage-first heap   total 55296K, used 18931K [0x0000000780000000, 0x0000000800000000)
  region size 1024K, 4 young (4096K), 3 survivors (3072K)
 Metaspace       used 39543K, committed 40256K, reserved 1114112K
  class space    used 5307K, committed 5632K, reserved 1048576K
}
Event: 21865.057 GC heap after
{Heap after GC invocations=95 (full 19):
 garbage-first heap   total 55296K, used 16766K [0x0000000780000000, 0x0000000800000000)
  region size 1024K, 0 young (0K), 0 survivors (0K)
 Metaspace       used 39524K, committed 40256K, reserved 1114112K
  class space    used 5303K, committed 5632K, reserved 1048576K
}
Event: 21872.945 GC heap before
{Heap before GC invocations=95 (full 19):
 garbage-first heap   total 55296K, used 45438K [0x0000000780000000, 0x0000000800000000)
  region size 1024K, 28 young (28672K), 0 survivors (0K)
 Metaspace       used 39541K, committed 40256K, reserved 1114112K
  class space    used 5307K, committed 5632K, reserved 1048576K
}
Event: 21872.948 GC heap after
{Heap after GC invocations=96 (full 19):
 garbage-first heap   total 55296K, used 19279K [0x0000000780000000, 0x0000000800000000)
  region size 1024K, 3 young (3072K), 3 survivors (3072K)
 Metaspace       used 39541K, committed 40256K, reserved 1114112K
  class space    used 5307K, committed 5632K, reserved 1048576K
}
Event: 22055.413 GC heap before
{Heap before GC invocations=96 (full 19):
 garbage-first heap   total 55296K, used 33615K [0x0000000780000000, 0x0000000800000000)
  region size 1024K, 18 young (18432K), 3 survivors (3072K)
 Metaspace       used 39578K, committed 40256K, reserved 1114112K
  class space    used 5313K, committed 5632K, reserved 1048576K
}

